<?xml version="1.0" encoding="UTF-8"?>
<!-- Generated by org.testng.reporters.JUnitReportReporter -->
<testsuite hostname="DESKTOP-PFUQSED" name="test_signIn.VerifyUserFullName" tests="2" failures="0" timestamp="16 Aug 2020 15:50:46 GMT" time="58.526" errors="0">
  <testcase name="userFullNameTest" time="30.248" classname="test_signIn.VerifyUserFullName"/>
  <testcase name="userFullNameTest" time="28.278" classname="test_signIn.VerifyUserFullName"/>
</testsuite> <!-- test_signIn.VerifyUserFullName -->
