<?xml version="1.0" encoding="UTF-8"?>
<!-- Generated by org.testng.reporters.JUnitReportReporter -->
<testsuite hostname="DESKTOP-PFUQSED" name="test_register.NewRegisterTest" tests="2" failures="0" timestamp="16 Aug 2020 15:50:46 GMT" time="25.880" errors="0">
  <testcase name="registerWithNewEmailTest" time="14.859" classname="test_register.NewRegisterTest"/>
  <testcase name="registerWithNewEmailTest" time="11.021" classname="test_register.NewRegisterTest"/>
</testsuite> <!-- test_register.NewRegisterTest -->
